2022-01-23 23:03:54,155 TRACE (StartView.java:17) - trace
2022-01-23 23:03:54,158 DEBUG (StartView.java:18) - debug
2022-01-23 23:03:54,158  INFO (StartView.java:19) - info
2022-01-23 23:03:54,159  WARN (StartView.java:20) - warnlogin
2022-01-23 23:03:54,159 ERROR (StartView.java:21) - error
2022-01-23 23:03:54,159 TRACE (StartView.java:17) - trace
2022-01-23 23:03:54,162 DEBUG (StartView.java:18) - debug
2022-01-23 23:03:54,163  INFO (StartView.java:19) - info
2022-01-23 23:03:54,163  WARN (StartView.java:20) - warnlogin
2022-01-23 23:03:54,163 ERROR (StartView.java:21) - error
2022-01-23 23:03:54,163 TRACE (StartView.java:17) - trace
2022-01-23 23:03:54,163 DEBUG (StartView.java:18) - debug
2022-01-23 23:03:54,164  INFO (StartView.java:19) - info
2022-01-23 23:03:54,164  WARN (StartView.java:20) - warnlogin
2022-01-23 23:03:54,164 ERROR (StartView.java:21) - error
2022-01-23 23:03:54,164 TRACE (StartView.java:17) - trace
2022-01-23 23:03:54,166 DEBUG (StartView.java:18) - debug
2022-01-23 23:03:54,166  INFO (StartView.java:19) - info
2022-01-23 23:03:54,166  WARN (StartView.java:20) - warnlogin
2022-01-23 23:03:54,166 ERROR (StartView.java:21) - error
2022-01-23 23:03:54,166 TRACE (StartView.java:17) - trace
2022-01-23 23:03:54,167 DEBUG (StartView.java:18) - debug
2022-01-23 23:03:54,167  INFO (StartView.java:19) - info
2022-01-23 23:03:54,167  WARN (StartView.java:20) - warnlogin
2022-01-23 23:03:54,167 ERROR (StartView.java:21) - error
2022-01-23 23:03:54,167 TRACE (StartView.java:17) - trace
2022-01-23 23:03:54,167 DEBUG (StartView.java:18) - debug
2022-01-23 23:03:54,167  INFO (StartView.java:19) - info
2022-01-23 23:03:54,168  WARN (StartView.java:20) - warnlogin
2022-01-23 23:03:54,168 ERROR (StartView.java:21) - error
2022-01-23 23:03:54,168 TRACE (StartView.java:17) - trace
2022-01-23 23:03:54,168 DEBUG (StartView.java:18) - debug
2022-01-23 23:03:54,168  INFO (StartView.java:19) - info
2022-01-23 23:03:54,168  WARN (StartView.java:20) - warnlogin
2022-01-23 23:03:54,169 ERROR (StartView.java:21) - error
2022-01-23 23:03:54,169 TRACE (StartView.java:17) - trace
2022-01-23 23:03:54,169 DEBUG (StartView.java:18) - debug
2022-01-23 23:03:54,169  INFO (StartView.java:19) - info
2022-01-23 23:03:54,169  WARN (StartView.java:20) - warnlogin
2022-01-23 23:03:54,169 ERROR (StartView.java:21) - error
2022-01-23 23:03:54,170 TRACE (StartView.java:17) - trace
2022-01-23 23:03:54,170 DEBUG (StartView.java:18) - debug
2022-01-23 23:03:54,170  INFO (StartView.java:19) - info
2022-01-23 23:03:54,170  WARN (StartView.java:20) - warnlogin
2022-01-23 23:03:54,170 ERROR (StartView.java:21) - error
2022-01-23 23:05:36,243 TRACE (StartView.java:17) - trace
2022-01-23 23:05:36,246 DEBUG (StartView.java:18) - debug
2022-01-23 23:05:36,246  INFO (StartView.java:19) - info
2022-01-23 23:05:36,247  WARN (StartView.java:20) - warnlogin
2022-01-23 23:05:36,247 ERROR (StartView.java:21) - error
2022-01-23 23:05:36,247 TRACE (StartView.java:17) - trace
2022-01-23 23:05:36,250 DEBUG (StartView.java:18) - debug
2022-01-23 23:05:36,251  INFO (StartView.java:19) - info
2022-01-23 23:05:36,251  WARN (StartView.java:20) - warnlogin
2022-01-23 23:05:36,251 ERROR (StartView.java:21) - error
2022-01-23 23:05:36,251 TRACE (StartView.java:17) - trace
2022-01-23 23:05:36,251 DEBUG (StartView.java:18) - debug
2022-01-23 23:05:36,251  INFO (StartView.java:19) - info
2022-01-23 23:05:36,251  WARN (StartView.java:20) - warnlogin
2022-01-23 23:05:36,252 ERROR (StartView.java:21) - error
2022-01-23 23:05:36,252 TRACE (StartView.java:17) - trace
2022-01-23 23:05:36,254 DEBUG (StartView.java:18) - debug
2022-01-23 23:05:36,254  INFO (StartView.java:19) - info
2022-01-23 23:05:36,254  WARN (StartView.java:20) - warnlogin
2022-01-23 23:05:36,254 ERROR (StartView.java:21) - error
2022-01-23 23:05:36,254 TRACE (StartView.java:17) - trace
2022-01-23 23:05:36,255 DEBUG (StartView.java:18) - debug
2022-01-23 23:05:36,255  INFO (StartView.java:19) - info
2022-01-23 23:05:36,255  WARN (StartView.java:20) - warnlogin
2022-01-23 23:05:36,255 ERROR (StartView.java:21) - error
2022-01-23 23:05:36,255 TRACE (StartView.java:17) - trace
2022-01-23 23:05:36,255 DEBUG (StartView.java:18) - debug
2022-01-23 23:05:36,256  INFO (StartView.java:19) - info
2022-01-23 23:05:36,256  WARN (StartView.java:20) - warnlogin
2022-01-23 23:05:36,256 ERROR (StartView.java:21) - error
2022-01-23 23:05:36,256 TRACE (StartView.java:17) - trace
2022-01-23 23:05:36,256 DEBUG (StartView.java:18) - debug
2022-01-23 23:05:36,256  INFO (StartView.java:19) - info
2022-01-23 23:05:36,257  WARN (StartView.java:20) - warnlogin
2022-01-23 23:05:36,257 ERROR (StartView.java:21) - error
2022-01-23 23:05:36,257 TRACE (StartView.java:17) - trace
2022-01-23 23:05:36,257 DEBUG (StartView.java:18) - debug
2022-01-23 23:05:36,257  INFO (StartView.java:19) - info
2022-01-23 23:05:36,258  WARN (StartView.java:20) - warnlogin
2022-01-23 23:05:36,258 ERROR (StartView.java:21) - error
2022-01-23 23:05:36,258 TRACE (StartView.java:17) - trace
2022-01-23 23:05:36,259 DEBUG (StartView.java:18) - debug
2022-01-23 23:05:36,259  INFO (StartView.java:19) - info
2022-01-23 23:05:36,259  WARN (StartView.java:20) - warnlogin
2022-01-23 23:05:36,259 ERROR (StartView.java:21) - error
2022-01-23 23:05:36,276 TRACE (StartView.java:28) - trace
2022-01-23 23:05:36,276 DEBUG (StartView.java:29) - debug
2022-01-23 23:05:36,276  INFO (StartView.java:30) - info
2022-01-23 23:05:36,276  WARN (StartView.java:31) - warnlogout
2022-01-23 23:05:36,276 ERROR (StartView.java:32) - error
2022-01-23 23:05:36,277 TRACE (StartView.java:17) - trace
2022-01-23 23:05:36,277 DEBUG (StartView.java:18) - debug
2022-01-23 23:05:36,277  INFO (StartView.java:19) - info
2022-01-23 23:05:36,277  WARN (StartView.java:20) - warnlogin
2022-01-23 23:05:36,277 ERROR (StartView.java:21) - error
2022-01-23 23:06:31,606 TRACE (StartView.java:17) - trace
2022-01-23 23:06:31,610 DEBUG (StartView.java:18) - debug
2022-01-23 23:06:31,610  INFO (StartView.java:19) - info
2022-01-23 23:06:31,610  WARN (StartView.java:20) - warnlogin
2022-01-23 23:06:31,610 ERROR (StartView.java:21) - error
2022-01-23 23:06:31,611 TRACE (StartView.java:17) - trace
2022-01-23 23:06:31,613 DEBUG (StartView.java:18) - debug
2022-01-23 23:06:31,614  INFO (StartView.java:19) - info
2022-01-23 23:06:31,614  WARN (StartView.java:20) - warnlogin
2022-01-23 23:06:31,614 ERROR (StartView.java:21) - error
2022-01-23 23:06:31,614 TRACE (StartView.java:17) - trace
2022-01-23 23:06:31,614 DEBUG (StartView.java:18) - debug
2022-01-23 23:06:31,614  INFO (StartView.java:19) - info
2022-01-23 23:06:31,615  WARN (StartView.java:20) - warnlogin
2022-01-23 23:06:31,615 ERROR (StartView.java:21) - error
2022-01-23 23:06:31,615 TRACE (StartView.java:17) - trace
2022-01-23 23:06:31,616 DEBUG (StartView.java:18) - debug
2022-01-23 23:06:31,617  INFO (StartView.java:19) - info
2022-01-23 23:06:31,617  WARN (StartView.java:20) - warnlogin
2022-01-23 23:06:31,617 ERROR (StartView.java:21) - error
2022-01-23 23:06:31,617 TRACE (StartView.java:17) - trace
2022-01-23 23:06:31,618 DEBUG (StartView.java:18) - debug
2022-01-23 23:06:31,618  INFO (StartView.java:19) - info
2022-01-23 23:06:31,618  WARN (StartView.java:20) - warnlogin
2022-01-23 23:06:31,618 ERROR (StartView.java:21) - error
2022-01-23 23:06:31,618 TRACE (StartView.java:17) - trace
2022-01-23 23:06:31,618 DEBUG (StartView.java:18) - debug
2022-01-23 23:06:31,618  INFO (StartView.java:19) - info
2022-01-23 23:06:31,619  WARN (StartView.java:20) - warnlogin
2022-01-23 23:06:31,619 ERROR (StartView.java:21) - error
2022-01-23 23:06:31,619 TRACE (StartView.java:17) - trace
2022-01-23 23:06:31,619 DEBUG (StartView.java:18) - debug
2022-01-23 23:06:31,619  INFO (StartView.java:19) - info
2022-01-23 23:06:31,619  WARN (StartView.java:20) - warnlogin
2022-01-23 23:06:31,620 ERROR (StartView.java:21) - error
2022-01-23 23:06:31,620 TRACE (StartView.java:17) - trace
2022-01-23 23:06:31,620 DEBUG (StartView.java:18) - debug
2022-01-23 23:06:31,620  INFO (StartView.java:19) - info
2022-01-23 23:06:31,620  WARN (StartView.java:20) - warnlogin
2022-01-23 23:06:31,620 ERROR (StartView.java:21) - error
2022-01-23 23:06:31,621 TRACE (StartView.java:17) - trace
2022-01-23 23:06:31,621 DEBUG (StartView.java:18) - debug
2022-01-23 23:06:31,621  INFO (StartView.java:19) - info
2022-01-23 23:06:31,621  WARN (StartView.java:20) - warnlogin
2022-01-23 23:06:31,621 ERROR (StartView.java:21) - error
2022-01-23 23:06:31,638 TRACE (StartView.java:28) - trace
2022-01-23 23:06:31,638 DEBUG (StartView.java:29) - debug
2022-01-23 23:06:31,638  INFO (StartView.java:30) - info
2022-01-23 23:06:31,638  WARN (StartView.java:31) - warnlogout
2022-01-23 23:06:31,639 ERROR (StartView.java:32) - error
2022-01-23 23:06:31,639 TRACE (StartView.java:17) - trace
2022-01-23 23:06:31,639 DEBUG (StartView.java:18) - debug
2022-01-23 23:06:31,639  INFO (StartView.java:19) - info
2022-01-23 23:06:31,639  WARN (StartView.java:20) - warnlogin
2022-01-23 23:06:31,639 ERROR (StartView.java:21) - error
